ch_My room	28/05/2024	15:16:13		Invitado624 joins My room
	28/05/2024	15:16:21	Invitado624	Hola >(
	28/05/2024	15:16:46	Invitado624	Test [b]asdasda[/b]
	28/05/2024	15:17:00	Invitado624	asdasdada :!::!::!::!::!:
ch_My room	28/05/2024	15:17:13	Invitado624	Hola, qué tal?
ch_My room	28/05/2024	15:17:18	Invitado624	Invitado624, Invitado624, 
ch_My room	28/05/2024	15:17:22	Invitado624	Test test test
ch_My room	28/05/2024	15:18:03	Invitado624	TEst test test
ch_My room	28/05/2024	15:21:03	Invitado624	
ch_My room	28/05/2024	15:21:37	Invitado624	Test
ch_My room	28/05/2024	15:22:51	Invitado624	Test
ch_My room	28/05/2024	15:26:23	Invitado624	asdasdasdasd
ch_My room	28/05/2024	15:26:31	Invitado624	:-/
ch_My room	28/05/2024	15:26:42	Invitado624	Invitado624, Invitado624, Invitado624, :-}
ch_My room	28/05/2024	15:27:22	Invitado624	Invitado624, 
ch_My room	28/05/2024	15:28:57	Invitado624	TEstasdasda
ch_My room	28/05/2024	15:29:59	Invitado624	asdasdasdad
ch_My room	28/05/2024	15:31:45	Invitado624	TEst
ch_My room	28/05/2024	15:33:14	Invitado624	Test
ch_My room	28/05/2024	15:33:44	Invitado624	Test
ch_My room	28/05/2024	15:35:41	Invitado624	asdasd
ch_My room	28/05/2024	15:36:33	Invitado624	asdasd
	28/05/2024	16:07:57	Invitado624	Hola qué tal
	28/05/2024	16:08:31	Invitado624	asdasda
